{"C:\\Users\\Iddhi Sulakshana\\Documents\\GarbageCollection\\backend\\models\\article.js": {"path":"C:\\Users\\Iddhi Sulakshana\\Documents\\GarbageCollection\\backend\\models\\article.js","statementMap":{"0":{"start":{"line":1,"column":12},"end":{"line":1,"column":26}},"1":{"start":{"line":2,"column":18},"end":{"line":2,"column":37}},"2":{"start":{"line":3,"column":22},"end":{"line":3,"column":50}},"3":{"start":{"line":5,"column":16},"end":{"line":5,"column":47}},"4":{"start":{"line":8,"column":17},"end":{"line":13,"column":4}},"5":{"start":{"line":14,"column":17},"end":{"line":14,"column":41}},"6":{"start":{"line":15,"column":2},"end":{"line":15,"column":59}},"7":{"start":{"line":15,"column":20},"end":{"line":15,"column":59}},"8":{"start":{"line":16,"column":2},"end":{"line":16,"column":14}},"9":{"start":{"line":19,"column":0},"end":{"line":19,"column":33}},"10":{"start":{"line":20,"column":0},"end":{"line":20,"column":42}}},"fnMap":{"0":{"name":"validate","decl":{"start":{"line":7,"column":9},"end":{"line":7,"column":17}},"loc":{"start":{"line":7,"column":27},"end":{"line":17,"column":1}},"line":7}},"branchMap":{"0":{"loc":{"start":{"line":15,"column":2},"end":{"line":15,"column":59}},"type":"if","locations":[{"start":{"line":15,"column":2},"end":{"line":15,"column":59}},{"start":{},"end":{}}],"line":15}},"s":{"0":1,"1":1,"2":1,"3":1,"4":12,"5":12,"6":12,"7":9,"8":3,"9":1,"10":1},"f":{"0":12},"b":{"0":[9,3]},"_coverageSchema":"1a1c01bbd47fc00a2c39e90264f33305004495a9","hash":"cfb90da39e99b34239a8ccca010bf31d566143f4"}
,"C:\\Users\\Iddhi Sulakshana\\Documents\\GarbageCollection\\backend\\models\\collecting.js": {"path":"C:\\Users\\Iddhi Sulakshana\\Documents\\GarbageCollection\\backend\\models\\collecting.js","statementMap":{"0":{"start":{"line":1,"column":12},"end":{"line":1,"column":26}},"1":{"start":{"line":2,"column":18},"end":{"line":2,"column":37}},"2":{"start":{"line":3,"column":25},"end":{"line":3,"column":56}},"3":{"start":{"line":5,"column":19},"end":{"line":5,"column":56}},"4":{"start":{"line":8,"column":17},"end":{"line":18,"column":4}},"5":{"start":{"line":19,"column":17},"end":{"line":19,"column":44}},"6":{"start":{"line":20,"column":2},"end":{"line":20,"column":59}},"7":{"start":{"line":20,"column":20},"end":{"line":20,"column":59}},"8":{"start":{"line":21,"column":2},"end":{"line":21,"column":14}},"9":{"start":{"line":24,"column":0},"end":{"line":24,"column":39}},"10":{"start":{"line":25,"column":0},"end":{"line":25,"column":45}}},"fnMap":{"0":{"name":"validate","decl":{"start":{"line":7,"column":9},"end":{"line":7,"column":17}},"loc":{"start":{"line":7,"column":30},"end":{"line":22,"column":1}},"line":7}},"branchMap":{"0":{"loc":{"start":{"line":20,"column":2},"end":{"line":20,"column":59}},"type":"if","locations":[{"start":{"line":20,"column":2},"end":{"line":20,"column":59}},{"start":{},"end":{}}],"line":20}},"s":{"0":1,"1":1,"2":1,"3":1,"4":25,"5":25,"6":25,"7":21,"8":4,"9":1,"10":1},"f":{"0":25},"b":{"0":[21,4]},"_coverageSchema":"1a1c01bbd47fc00a2c39e90264f33305004495a9","hash":"5ba6132f094e48d8dbd76e2a4e044c2b94ec2371"}
,"C:\\Users\\Iddhi Sulakshana\\Documents\\GarbageCollection\\backend\\models\\incident.js": {"path":"C:\\Users\\Iddhi Sulakshana\\Documents\\GarbageCollection\\backend\\models\\incident.js","statementMap":{"0":{"start":{"line":1,"column":12},"end":{"line":1,"column":26}},"1":{"start":{"line":2,"column":18},"end":{"line":2,"column":37}},"2":{"start":{"line":3,"column":23},"end":{"line":3,"column":52}},"3":{"start":{"line":5,"column":17},"end":{"line":5,"column":50}},"4":{"start":{"line":8,"column":17},"end":{"line":22,"column":4}},"5":{"start":{"line":23,"column":17},"end":{"line":23,"column":42}},"6":{"start":{"line":24,"column":2},"end":{"line":24,"column":59}},"7":{"start":{"line":24,"column":20},"end":{"line":24,"column":59}},"8":{"start":{"line":25,"column":2},"end":{"line":25,"column":14}},"9":{"start":{"line":28,"column":0},"end":{"line":28,"column":35}},"10":{"start":{"line":29,"column":0},"end":{"line":29,"column":43}}},"fnMap":{"0":{"name":"validate","decl":{"start":{"line":7,"column":9},"end":{"line":7,"column":17}},"loc":{"start":{"line":7,"column":28},"end":{"line":26,"column":1}},"line":7}},"branchMap":{"0":{"loc":{"start":{"line":24,"column":2},"end":{"line":24,"column":59}},"type":"if","locations":[{"start":{"line":24,"column":2},"end":{"line":24,"column":59}},{"start":{},"end":{}}],"line":24}},"s":{"0":1,"1":1,"2":1,"3":1,"4":23,"5":23,"6":23,"7":20,"8":3,"9":1,"10":1},"f":{"0":23},"b":{"0":[20,3]},"_coverageSchema":"1a1c01bbd47fc00a2c39e90264f33305004495a9","hash":"b9181e3c0fbab96ae6403ea22dafbdd5794610d5"}
,"C:\\Users\\Iddhi Sulakshana\\Documents\\GarbageCollection\\backend\\models\\user.js": {"path":"C:\\Users\\Iddhi Sulakshana\\Documents\\GarbageCollection\\backend\\models\\user.js","statementMap":{"0":{"start":{"line":1,"column":12},"end":{"line":1,"column":26}},"1":{"start":{"line":2,"column":18},"end":{"line":2,"column":37}},"2":{"start":{"line":3,"column":19},"end":{"line":3,"column":44}},"3":{"start":{"line":4,"column":12},"end":{"line":4,"column":35}},"4":{"start":{"line":6,"column":0},"end":{"line":8,"column":2}},"5":{"start":{"line":7,"column":2},"end":{"line":7,"column":66}},"6":{"start":{"line":10,"column":13},"end":{"line":10,"column":38}},"7":{"start":{"line":13,"column":17},"end":{"line":26,"column":4}},"8":{"start":{"line":27,"column":17},"end":{"line":27,"column":38}},"9":{"start":{"line":28,"column":2},"end":{"line":28,"column":59}},"10":{"start":{"line":28,"column":20},"end":{"line":28,"column":59}},"11":{"start":{"line":29,"column":2},"end":{"line":29,"column":14}},"12":{"start":{"line":32,"column":0},"end":{"line":32,"column":27}},"13":{"start":{"line":33,"column":0},"end":{"line":33,"column":39}}},"fnMap":{"0":{"name":"(anonymous_0)","decl":{"start":{"line":6,"column":39},"end":{"line":6,"column":40}},"loc":{"start":{"line":6,"column":51},"end":{"line":8,"column":1}},"line":6},"1":{"name":"validate","decl":{"start":{"line":12,"column":9},"end":{"line":12,"column":17}},"loc":{"start":{"line":12,"column":24},"end":{"line":30,"column":1}},"line":12}},"branchMap":{"0":{"loc":{"start":{"line":28,"column":2},"end":{"line":28,"column":59}},"type":"if","locations":[{"start":{"line":28,"column":2},"end":{"line":28,"column":59}},{"start":{},"end":{}}],"line":28}},"s":{"0":1,"1":1,"2":1,"3":1,"4":1,"5":3,"6":1,"7":22,"8":22,"9":22,"10":18,"11":4,"12":1,"13":1},"f":{"0":3,"1":22},"b":{"0":[18,4]},"_coverageSchema":"1a1c01bbd47fc00a2c39e90264f33305004495a9","hash":"6c7ab4e2e2f725548f43e0ab762ae33efdaf3b94"}
,"C:\\Users\\Iddhi Sulakshana\\Documents\\GarbageCollection\\backend\\models\\schemas\\article.js": {"path":"C:\\Users\\Iddhi Sulakshana\\Documents\\GarbageCollection\\backend\\models\\schemas\\article.js","statementMap":{"0":{"start":{"line":1,"column":19},"end":{"line":1,"column":38}},"1":{"start":{"line":4,"column":0},"end":{"line":23,"column":3}}},"fnMap":{},"branchMap":{},"s":{"0":1,"1":1},"f":{},"b":{},"_coverageSchema":"1a1c01bbd47fc00a2c39e90264f33305004495a9","hash":"69947712b7747e032329f4c7f5c9efdb812ed7ca"}
,"C:\\Users\\Iddhi Sulakshana\\Documents\\GarbageCollection\\backend\\models\\schemas\\collecting.js": {"path":"C:\\Users\\Iddhi Sulakshana\\Documents\\GarbageCollection\\backend\\models\\schemas\\collecting.js","statementMap":{"0":{"start":{"line":1,"column":19},"end":{"line":1,"column":38}},"1":{"start":{"line":4,"column":0},"end":{"line":43,"column":3}}},"fnMap":{},"branchMap":{},"s":{"0":1,"1":1},"f":{},"b":{},"_coverageSchema":"1a1c01bbd47fc00a2c39e90264f33305004495a9","hash":"9da2c193a1c7980c422cc1fe6c560c9ef9ccead3"}
,"C:\\Users\\Iddhi Sulakshana\\Documents\\GarbageCollection\\backend\\models\\schemas\\incident.js": {"path":"C:\\Users\\Iddhi Sulakshana\\Documents\\GarbageCollection\\backend\\models\\schemas\\incident.js","statementMap":{"0":{"start":{"line":1,"column":19},"end":{"line":1,"column":38}},"1":{"start":{"line":4,"column":0},"end":{"line":51,"column":3}}},"fnMap":{},"branchMap":{},"s":{"0":1,"1":1},"f":{},"b":{},"_coverageSchema":"1a1c01bbd47fc00a2c39e90264f33305004495a9","hash":"ca77bd2600bf0db3a69739564ca1e8dc6c32b289"}
,"C:\\Users\\Iddhi Sulakshana\\Documents\\GarbageCollection\\backend\\models\\schemas\\user.js": {"path":"C:\\Users\\Iddhi Sulakshana\\Documents\\GarbageCollection\\backend\\models\\schemas\\user.js","statementMap":{"0":{"start":{"line":1,"column":19},"end":{"line":1,"column":38}},"1":{"start":{"line":4,"column":0},"end":{"line":52,"column":3}}},"fnMap":{},"branchMap":{},"s":{"0":1,"1":1},"f":{},"b":{},"_coverageSchema":"1a1c01bbd47fc00a2c39e90264f33305004495a9","hash":"b620a2de258c066bb2f340545c7ff68f7a296c7f"}
,"C:\\Users\\Iddhi Sulakshana\\Documents\\GarbageCollection\\backend\\utils\\hash.js": {"path":"C:\\Users\\Iddhi Sulakshana\\Documents\\GarbageCollection\\backend\\utils\\hash.js","statementMap":{"0":{"start":{"line":1,"column":15},"end":{"line":1,"column":32}},"1":{"start":{"line":4,"column":15},"end":{"line":4,"column":39}},"2":{"start":{"line":5,"column":15},"end":{"line":5,"column":48}},"3":{"start":{"line":6,"column":2},"end":{"line":6,"column":14}},"4":{"start":{"line":9,"column":2},"end":{"line":9,"column":48}},"5":{"start":{"line":12,"column":0},"end":{"line":12,"column":33}},"6":{"start":{"line":13,"column":0},"end":{"line":13,"column":45}}},"fnMap":{"0":{"name":"encrypt","decl":{"start":{"line":3,"column":15},"end":{"line":3,"column":22}},"loc":{"start":{"line":3,"column":33},"end":{"line":7,"column":1}},"line":3},"1":{"name":"validPassword","decl":{"start":{"line":8,"column":15},"end":{"line":8,"column":28}},"loc":{"start":{"line":8,"column":47},"end":{"line":10,"column":1}},"line":8}},"branchMap":{},"s":{"0":1,"1":1,"2":1,"3":1,"4":2,"5":1,"6":1},"f":{"0":1,"1":2},"b":{},"_coverageSchema":"1a1c01bbd47fc00a2c39e90264f33305004495a9","hash":"a9fdd28f91b18850384cb461baf4307e38f4547d"}
,"C:\\Users\\Iddhi Sulakshana\\Documents\\GarbageCollection\\backend\\utils\\saveImage.js": {"path":"C:\\Users\\Iddhi Sulakshana\\Documents\\GarbageCollection\\backend\\utils\\saveImage.js","statementMap":{"0":{"start":{"line":1,"column":0},"end":{"line":5,"column":2}},"1":{"start":{"line":2,"column":19},"end":{"line":2,"column":64}},"2":{"start":{"line":3,"column":2},"end":{"line":3,"column":41}},"3":{"start":{"line":4,"column":2},"end":{"line":4,"column":18}}},"fnMap":{"0":{"name":"(anonymous_0)","decl":{"start":{"line":1,"column":17},"end":{"line":1,"column":18}},"loc":{"start":{"line":1,"column":46},"end":{"line":5,"column":1}},"line":1}},"branchMap":{},"s":{"0":1,"1":2,"2":2,"3":1},"f":{"0":2},"b":{},"_coverageSchema":"1a1c01bbd47fc00a2c39e90264f33305004495a9","hash":"4dc629bca29ab85630fbd1d78b228ea289d14ddd"}
}
