TN:
SF:models\article.js
FN:7,validate
FNF:1
FNH:1
FNDA:12,validate
DA:1,1
DA:2,1
DA:3,1
DA:5,1
DA:8,12
DA:14,12
DA:15,12
DA:16,3
DA:19,1
DA:20,1
LF:10
LH:10
BRDA:15,0,0,9
BRDA:15,0,1,3
BRF:2
BRH:2
end_of_record
TN:
SF:models\collecting.js
FN:7,validate
FNF:1
FNH:1
FNDA:25,validate
DA:1,1
DA:2,1
DA:3,1
DA:5,1
DA:8,25
DA:19,25
DA:20,25
DA:21,4
DA:24,1
DA:25,1
LF:10
LH:10
BRDA:20,0,0,21
BRDA:20,0,1,4
BRF:2
BRH:2
end_of_record
TN:
SF:models\incident.js
FN:7,validate
FNF:1
FNH:1
FNDA:23,validate
DA:1,1
DA:2,1
DA:3,1
DA:5,1
DA:8,23
DA:23,23
DA:24,23
DA:25,3
DA:28,1
DA:29,1
LF:10
LH:10
BRDA:24,0,0,20
BRDA:24,0,1,3
BRF:2
BRH:2
end_of_record
TN:
SF:models\user.js
FN:6,(anonymous_0)
FN:12,validate
FNF:2
FNH:2
FNDA:3,(anonymous_0)
FNDA:22,validate
DA:1,1
DA:2,1
DA:3,1
DA:4,1
DA:6,1
DA:7,3
DA:10,1
DA:13,22
DA:27,22
DA:28,22
DA:29,4
DA:32,1
DA:33,1
LF:13
LH:13
BRDA:28,0,0,18
BRDA:28,0,1,4
BRF:2
BRH:2
end_of_record
TN:
SF:models\schemas\article.js
FNF:0
FNH:0
DA:1,1
DA:4,1
LF:2
LH:2
BRF:0
BRH:0
end_of_record
TN:
SF:models\schemas\collecting.js
FNF:0
FNH:0
DA:1,1
DA:4,1
LF:2
LH:2
BRF:0
BRH:0
end_of_record
TN:
SF:models\schemas\incident.js
FNF:0
FNH:0
DA:1,1
DA:4,1
LF:2
LH:2
BRF:0
BRH:0
end_of_record
TN:
SF:models\schemas\user.js
FNF:0
FNH:0
DA:1,1
DA:4,1
LF:2
LH:2
BRF:0
BRH:0
end_of_record
TN:
SF:utils\hash.js
FN:3,encrypt
FN:8,validPassword
FNF:2
FNH:2
FNDA:1,encrypt
FNDA:2,validPassword
DA:1,1
DA:4,1
DA:5,1
DA:6,1
DA:9,2
DA:12,1
DA:13,1
LF:7
LH:7
BRF:0
BRH:0
end_of_record
TN:
SF:utils\saveImage.js
FN:1,(anonymous_0)
FNF:1
FNH:1
FNDA:2,(anonymous_0)
DA:1,1
DA:2,2
DA:3,2
DA:4,1
LF:4
LH:4
BRF:0
BRH:0
end_of_record
